<?xml version="1.0" encoding="UTF-8"?>
<!-- Generated by org.testng.reporters.JUnitXMLReporter -->
<testsuite ignored="0" hostname="INHL1290" failures="0" tests="4" name="Default test" time="9.578" errors="0" timestamp="2023-08-31T15:00:06 IST">
  <testcase classname="api.test.UserTests" name="testPostUser" time="3.497"/>
  <testcase classname="api.test.UserTests" name="testGetUser" time="1.466"/>
  <testcase classname="api.test.UserTests" name="testUpdateUser" time="2.952"/>
  <testcase classname="api.test.UserTests" name="testDeleteUser" time="1.444"/>
</testsuite> <!-- Default test -->
