<?xml version="1.0" encoding="UTF-8"?>
<testng-results ignored="0" total="4" passed="4" failed="0" skipped="0">
  <reporter-output>
  </reporter-output>
  <suite started-at="2023-08-31T14:59:56 IST" name="Default suite" finished-at="2023-08-31T15:00:06 IST" duration-ms="9578">
    <groups>
    </groups>
    <test started-at="2023-08-31T14:59:56 IST" name="Default test" finished-at="2023-08-31T15:00:06 IST" duration-ms="9578">
      <class name="api.test.UserTests">
        <test-method is-config="true" signature="setUpData()[pri:0, instance:api.test.UserTests@44a7bfbc]" started-at="2023-08-31T14:59:56 IST" name="setUpData" finished-at="2023-08-31T14:59:56 IST" duration-ms="186" status="PASS">
          <reporter-output>
          </reporter-output>
        </test-method> <!-- setUpData -->
        <test-method signature="testPostUser()[pri:1, instance:api.test.UserTests@44a7bfbc]" started-at="2023-08-31T14:59:56 IST" name="testPostUser" finished-at="2023-08-31T15:00:00 IST" duration-ms="3497" status="PASS">
          <reporter-output>
          </reporter-output>
        </test-method> <!-- testPostUser -->
        <test-method signature="testGetUser()[pri:2, instance:api.test.UserTests@44a7bfbc]" started-at="2023-08-31T15:00:00 IST" name="testGetUser" finished-at="2023-08-31T15:00:01 IST" duration-ms="1466" status="PASS">
          <reporter-output>
          </reporter-output>
        </test-method> <!-- testGetUser -->
        <test-method signature="testUpdateUser()[pri:3, instance:api.test.UserTests@44a7bfbc]" started-at="2023-08-31T15:00:01 IST" name="testUpdateUser" finished-at="2023-08-31T15:00:04 IST" duration-ms="2952" status="PASS">
          <reporter-output>
          </reporter-output>
        </test-method> <!-- testUpdateUser -->
        <test-method signature="testDeleteUser()[pri:4, instance:api.test.UserTests@44a7bfbc]" started-at="2023-08-31T15:00:04 IST" name="testDeleteUser" finished-at="2023-08-31T15:00:06 IST" duration-ms="1444" status="PASS">
          <reporter-output>
          </reporter-output>
        </test-method> <!-- testDeleteUser -->
      </class> <!-- api.test.UserTests -->
    </test> <!-- Default test -->
  </suite> <!-- Default suite -->
</testng-results>
